[21368:2436:2022-11-16 23:40:24.522] Main Start
[21368:2436:2022-11-16 23:40:24.522] Command line:"C:\Users\HARSHA VARDHAN\OneDrive\Desktop\qrb\Zoom_cm_fo42mnktZ9vvrZo4_m4KEWtQltdzpNRvB9wRFhLKkXWnJgX7rnxxEU@-ktgZY+EgySc1bgH_k48d010a50e89c213_.exe"  Instance:0x80000 Show State:1
[21368:2436:2022-11-16 23:40:24.569] C:\
[21368:22424:2022-11-16 23:40:24.573] [process_requst] start, url:https://us05web.zoom.us/conf/launch
[21368:22424:2022-11-16 23:40:25.8] [req_state_read_status_code] zHttpQueryInfo complete, status:200
[21368:22424:2022-11-16 23:40:25.8] [req_state_read_status_code] zHttpQueryInfo complete, status:200 Error: 0
[21368:22424:2022-11-16 23:40:25.8] [read_response_content] API call zHttpQueryInfo failed, error: 12150
[21368:22424:2022-11-16 23:40:25.9] [log_response_content] Content length (1048576 as unknown):1048576 , Total read: 2267 , Error No: 0 , Status code: 200
[21368:22424:2022-11-16 23:40:25.9] [log_response_content] header:
[21368:22424:2022-11-16 23:40:25.9] HTTP/1.1 200 OK
Date: Wed, 16 Nov 2022 18:10:24 GMT
Content-Type: text/plain;charset=utf-8
Transfer-Encoding: chunked
Connection: keep-alive
x-zm-trackingid: v=2.0;clid=us05;rid=WEB_4fe0d3a2952945359f1fb88d987bec66
x-content-type-options: nosniff
content-security-policy: upgrade-insecure-requests; default-src https://*.zoom.us https://zoom.us blob: 'self'; img-src https: about: blob: data: 'self'; style-src https: safari-extension: chrome-extension: 'unsafe-inline' data: 'self'; font-src https: safari-extension: chrome-extension: blob: data: 'self'; connect-src * about: blob: data: 'self'; media-src * rtmp: blob: data: 'self'; frame-src https: ms-appx-web: zoommtg: zoomus: wvjbscheme: data: 'self'; object-src 'none'; base-uri 'none';
x-frame-options: SAMEORIGIN
set-cookie: zm_aid=""; Domain=.zoom.us; Expires=Thu, 01-Jan-1970 00:00:10 GMT; Path=/; Secure; HttpOnly
p3p: CP="NOI ADM DEV PSAi COM NAV OUR OTR STP IND DEM"
x-zm-zoneid: VA
strict-transport-security: max-age=31536000; includeSubDomains
x-xss-protection: 1; mode=block
referrer-policy: strict-origin-when-cross-origin
CF-Cache-Status: DYNAMIC
Set-Cookie: zm_haid=""; Domain=.zoom.us; Expires=Thu, 01-Jan-1970 00:00:10 GMT; Path=/; Secure; HttpOnly
Set-Cookie: zm_tmaid=""; Domain=.zoom.us; Expires=Thu, 01-Jan-1970 00:00:10 GMT; Path=/; Secure; HttpOnly
Set-Cookie: zm_htmaid=""; Domain=.zoom.us; Expires=Thu, 01-Jan-1970 00:00:10 GMT; Path=/; Secure; HttpOnly
Set-Cookie: cred=6140FF6D3A4522F9E571F7FDCFFBEDC7; Path=/; Secure; HttpOnly
Set-Cookie: _zm_page_auth=us05_c_Dj2wcfKHSve8Snt2zMQ66Q; Domain=.zoom.us; Path=/; Secure; HttpOnly
Set-Cookie: _zm_ssid=us05_c_tj1pUkrbRuuF4vUv-LFEGg; Domain=.zoom.us; Path=/; Secure; HttpOnly
Set-Cookie: _zm_ctaid=7In4_TxgRfiKrQmM95_A8w.1668622224858.21464b45ce7a83c3c1ffb40c0c69ee04; Domain=.zoom.us; Expires=Wed, 16-Nov-2022 20:10:24 GMT; Path=/; Secure; HttpOnly
Set-Cookie: _zm_chtaid=118; Domain=.zoom.us; Expires=Wed, 16-Nov-2022 20:10:24 GMT; Path=/; Secure; HttpOnly
Set-Cookie: _zm_mtk_guid=b32ff404eb7e49a0846b89019f3fc163; Domain=.zoom.us; Expires=Fri, 15-Nov-2024 18:10:24 GMT; Path=/; Secure
Set-Cookie: TS01f92dc5=01862eb16cf0f0db884b09cb7e819364f4a6e3c43ed6f6f2c18be5ff3734b76045728065beea243924f35b1a96207841f974e0d40a; Path=/; Secure; HttpOnly; SameSite=Strict;
Set-Cookie: TS018dd1ba=01862eb16cf0f0db884b09cb7e819364f4a6e3c43ed6f6f2c18be5ff3734b76045728065beea243924f35b1a96207841f974e0d40a; path=/; domain=.zoom.us
Set-Cookie: __cf_bm=COGswI9wF4y6ahGaMyCT7DppeUOVuxfojQmY.iHkfXQ-1668622224-0-AU2HAsvbSI0h/XEnR7S2+WYLOPNf5WS1MNUT1G4UwUY/IRfa0zqJxfs4ItbwJSZNH0lmCwpn5flP1Uy6bY5fihM=; path=/; expires=Wed, 16-Nov-22 18:40:24 GMT; domain=.us05web.zoom.us; HttpOnly; Secure; SameSite=None
Report-To: {"endpoints":[{"url":"https:\/\/a.nel.cloudflare.com\/report\/v3?s=PGtdzK41fwtsxzM%2BYEzr6ZxXCyfY%2FrV7RSf%2F1rrWjlZDyxORwiMZV1dXpxYV%2B7KDORlazSeLzIK80jZuDXB9mlMqi3AmZxvJn32zwfRPtD2c5fsHSoYF2%2BHBkUVsJh3Z2w%3D%3D"}],"group":"cf-nel","max_age":604800}
NEL: {"success_fraction":0.01,"report_to":"cf-nel","max_age":604800}
Server: cloudflare
CF-RAY: 76b22ee86bd48549-BOM
alt-svc: h3=":443"; ma=86400, h3-29=":443"; ma=86400


[21368:22424:2022-11-16 23:40:25.9] [process_requst] End for url:https://us05web.zoom.us/conf/launch, return code:200, Error:0, Response content size:2267
[21368:2436:2022-11-16 23:40:25.67] [client_has_installed_app] found path:
[21368:2436:2022-11-16 23:40:25.67]  ***NULL-POINTER-PLACEHOLDER***
[21368:2436:2022-11-16 23:40:25.67] [param_query_local_path] path is: C:\Users\HARSHA VARDHAN\AppData\Roaming\Zoom\ZoomDownload\ dir create response : 1 system error: 1008
[21368:2436:2022-11-16 23:40:25.67] [downloader_run] State:0
[21368:11996:2022-11-16 23:40:25.69] [process_requst] start, url:https://us05web.zoom.us/client/latest/Installer.exe?archType=x64
[21368:2436:2022-11-16 23:40:25.69] [client_has_installed_app] found path:
[21368:2436:2022-11-16 23:40:25.69]  ***NULL-POINTER-PLACEHOLDER***
[21368:11996:2022-11-16 23:40:25.531] [req_state_read_status_code] zHttpQueryInfo complete, status:200
[21368:11996:2022-11-16 23:40:25.531] [req_state_read_status_code] zHttpQueryInfo complete, status:200 Error: 0
[21368:11996:2022-11-16 23:40:26.361] [read_response_file] Status Code:200, content length: 987048, total read: 987048, error code: 0
[21368:11996:2022-11-16 23:40:26.361] [process_requst] End for url:https://us05web.zoom.us/client/latest/Installer.exe?archType=x64, return code:200, Error:0, Response content size:0
[21368:2436:2022-11-16 23:40:26.392] [handle_download_job_done] Index: 1 Curr index: 1 StatusCode: 200 Error: 0 Response is Empty. 
[21368:11996:2022-11-16 23:40:26.457] [process_requst] start, url:https://us05web.zoom.us/client/latest/Zoom.msi?archType=x64
[21368:11996:2022-11-16 23:40:26.765] [req_state_read_status_code] zHttpQueryInfo complete, status:200
[21368:11996:2022-11-16 23:40:26.765] [req_state_read_status_code] zHttpQueryInfo complete, status:200 Error: 0
[21368:2436:2022-11-16 23:40:27.330] [downloader_cancel] State:1
[21368:11996:2022-11-16 23:40:27.335] [read_response_file] Status Code:200, content length: 29465723, total read: 688128, error code: 1011
[21368:11996:2022-11-16 23:40:27.335] [process_requst] End for url:https://us05web.zoom.us/client/latest/Zoom.msi?archType=x64, return code:200, Error:1011, Response content size:0
[21368:2436:2022-11-16 23:40:27.345] Main End
